Traceback (most recent call last):
  File "/home/vbarra/.local/share/pipx/venvs/jupyter-book/lib/python3.12/site-packages/jupyter_core/utils/__init__.py", line 154, in wrapped
    asyncio.get_running_loop()
RuntimeError: no running event loop

During handling of the above exception, another exception occurred:

Traceback (most recent call last):
  File "/home/vbarra/.local/share/pipx/venvs/jupyter-book/lib/python3.12/site-packages/jupyter_cache/executors/utils.py", line 58, in single_nb_execution
    executenb(
  File "/home/vbarra/.local/share/pipx/venvs/jupyter-book/lib/python3.12/site-packages/nbclient/client.py", line 1319, in execute
    return NotebookClient(nb=nb, resources=resources, km=km, **kwargs).execute()
           ^^^^^^^^^^^^^^^^^^^^^^^^^^^^^^^^^^^^^^^^^^^^^^^^^^^^^^^^^^^^^^^^^^^^^
  File "/home/vbarra/.local/share/pipx/venvs/jupyter-book/lib/python3.12/site-packages/jupyter_core/utils/__init__.py", line 158, in wrapped
    return loop.run_until_complete(inner)
           ^^^^^^^^^^^^^^^^^^^^^^^^^^^^^^
  File "/usr/lib/python3.12/asyncio/base_events.py", line 687, in run_until_complete
    return future.result()
           ^^^^^^^^^^^^^^^
  File "/home/vbarra/.local/share/pipx/venvs/jupyter-book/lib/python3.12/site-packages/nbclient/client.py", line 709, in async_execute
    await self.async_execute_cell(
  File "/home/vbarra/.local/share/pipx/venvs/jupyter-book/lib/python3.12/site-packages/nbclient/client.py", line 1062, in async_execute_cell
    await self._check_raise_for_error(cell, cell_index, exec_reply)
  File "/home/vbarra/.local/share/pipx/venvs/jupyter-book/lib/python3.12/site-packages/nbclient/client.py", line 918, in _check_raise_for_error
    raise CellExecutionError.from_cell_and_msg(cell, exec_reply_content)
nbclient.exceptions.CellExecutionError: An error occurred while executing the following cell:
------------------
function chebfft(y)
    # Adapted from Trefethen's Spectral Methods in Matlab
    n = length(y) - 1
    x = CosRange(-1, 1, n+1)
    Y = [y; reverse(y[2:n])]
    ii = 0:n-1
    U = real.(fft(Y))
    W = real.(ifft(1im * [ii; 0; 1-n:-1] .* U))
    w = zeros(n + 1)
    w[2:n] = -W[2:n] ./ sqrt.(1 .- x[2:n] .^ 2)
    w[1] = sum(ii .^ 2 .* U[ii .+ 1]) / n + .5 * n * U[n+1]
    w[n+1] = sum((-1) .^ (ii .+ 1) .* ii .^ 2 .* U[ii .+ 1]) / n + .5 * (-1) ^ (n+1) * n * U[n+1]
    w
end

chebfft([1,2,0,3])
------------------


UndefVarError: `fft` not defined

Stacktrace:
 [1] [0m[1mchebfft[22m[0m[1m([22m[90my[39m::[0mVector[90m{Int64}[39m[0m[1m)[22m
[90m   @[39m [35mMain[39m [90m./[39m[90m[4mIn[11]:7[24m[39m
 [2] top-level scope
[90m   @[39m [90m[4mIn[11]:16[24m[39m

